<?xml version="1.0" encoding="UTF-8"?>
<robot generator="Robot 3.2.1 (Python 3.8.5 on linux)" generated="20200729 18:47:59.843" rpa="false">
<suite id="s1" name="Login" source="/home/inmetrics/Projetos/roboweek/ninjachef/mobile/tests/login.robot">
<test id="s1-t1" name="Acessar o cardapio">
<kw name="Open Session" library="base" type="setup">
<kw name="Open Application" library="AppiumLibrary">
<doc>Opens a new application to given Appium server.
Capabilities of appium server, Android and iOS,
Please check https://github.com/appium/appium/blob/master/docs/en/writing-running-appium/server-args.md
| *Option*            | *Man.* | *Description*     |
| remote_url          | Yes    | Appium server url |
| alias               | no     | alias             |</doc>
<arguments>
<arg>http://localhost:4723/wd/hub</arg>
<arg>automationName=UiAutomator2</arg>
<arg>platformName=Android</arg>
<arg>deviceName=Emulator</arg>
<arg>app=/home/inmetrics/Projetos/roboweek/ninjachef/mobile/resources/app/ninjachef.apk</arg>
<arg>udid=emulator-5554</arg>
<arg>noSign=false</arg>
<arg>adbExecTimeout=120000</arg>
</arguments>
<status status="PASS" starttime="20200729 18:47:59.983" endtime="20200729 18:48:11.779"></status>
</kw>
<status status="PASS" starttime="20200729 18:47:59.982" endtime="20200729 18:48:11.779"></status>
</kw>
<kw name="Dado que desejo comer &quot;Saladas&quot;" library="keywords">
<kw name="Set Test Variable" library="BuiltIn">
<doc>Makes a variable available everywhere within the scope of the current test.</doc>
<arguments>
<arg>${dish}</arg>
</arguments>
<msg timestamp="20200729 18:48:11.781" level="INFO">${dish} = Saladas</msg>
<status status="PASS" starttime="20200729 18:48:11.780" endtime="20200729 18:48:11.781"></status>
</kw>
<status status="PASS" starttime="20200729 18:48:11.779" endtime="20200729 18:48:11.781"></status>
</kw>
<kw name="Quando entro com o email &quot;cleberqa@gmail.com.br&quot;" library="keywords">
<kw name="Wait Until Page Contains" library="AppiumLibrary">
<doc>Waits until `text` appears on current page.</doc>
<arguments>
<arg>Buscar Prato</arg>
<arg>10</arg>
</arguments>
<status status="PASS" starttime="20200729 18:48:11.782" endtime="20200729 18:48:14.128"></status>
</kw>
<kw name="Input Text" library="AppiumLibrary">
<doc>Types the given `text` into text field identified by `locator`.</doc>
<arguments>
<arg>accessibility_id=emailInput</arg>
<arg>${email}</arg>
</arguments>
<msg timestamp="20200729 18:48:14.130" level="INFO">Typing text 'cleberqa@gmail.com.br' into text field 'accessibility_id=emailInput'</msg>
<status status="PASS" starttime="20200729 18:48:14.128" endtime="20200729 18:48:14.686"></status>
</kw>
<kw name="Input Text" library="AppiumLibrary">
<doc>Types the given `text` into text field identified by `locator`.</doc>
<arguments>
<arg>accessibility_id=plateInput</arg>
<arg>${dish}</arg>
</arguments>
<msg timestamp="20200729 18:48:14.688" level="INFO">Typing text 'Saladas' into text field 'accessibility_id=plateInput'</msg>
<status status="PASS" starttime="20200729 18:48:14.686" endtime="20200729 18:48:15.218"></status>
</kw>
<kw name="Click Text" library="AppiumLibrary">
<doc>Click text identified by ``text``.</doc>
<arguments>
<arg>Buscar Prato</arg>
</arguments>
<status status="PASS" starttime="20200729 18:48:15.219" endtime="20200729 18:48:15.849"></status>
</kw>
<status status="PASS" starttime="20200729 18:48:11.781" endtime="20200729 18:48:15.849"></status>
</kw>
<kw name="Então vejo a lista de pratos por tipo" library="keywords">
<kw name="Wait Until Page Contains" library="AppiumLibrary">
<doc>Waits until `text` appears on current page.</doc>
<arguments>
<arg>Fome de ${dish}</arg>
</arguments>
<status status="PASS" starttime="20200729 18:48:15.850" endtime="20200729 18:48:19.393"></status>
</kw>
<status status="PASS" starttime="20200729 18:48:15.849" endtime="20200729 18:48:19.393"></status>
</kw>
<kw name="Close Session" library="base" type="teardown">
<kw name="Capture Page Screenshot" library="AppiumLibrary">
<doc>Takes a screenshot of the current page and embeds it into the log.</doc>
<msg timestamp="20200729 18:48:20.040" level="INFO" html="yes">&lt;/td&gt;&lt;/tr&gt;&lt;tr&gt;&lt;td colspan="3"&gt;&lt;a href="appium-screenshot-1.png"&gt;&lt;img src="appium-screenshot-1.png" width="800px"&gt;&lt;/a&gt;</msg>
<status status="PASS" starttime="20200729 18:48:19.394" endtime="20200729 18:48:20.040"></status>
</kw>
<kw name="Close Application" library="AppiumLibrary">
<doc>Closes the current application and also close webdriver session.</doc>
<status status="PASS" starttime="20200729 18:48:20.041" endtime="20200729 18:48:20.760"></status>
</kw>
<status status="PASS" starttime="20200729 18:48:19.393" endtime="20200729 18:48:20.760"></status>
</kw>
<status status="PASS" starttime="20200729 18:47:59.981" endtime="20200729 18:48:20.760" critical="yes"></status>
</test>
<doc>Testes de autenticação do app NinjaChef Mobile</doc>
<status status="PASS" starttime="20200729 18:47:59.844" endtime="20200729 18:48:20.761"></status>
</suite>
<statistics>
<total>
<stat pass="1" fail="0">Critical Tests</stat>
<stat pass="1" fail="0">All Tests</stat>
</total>
<tag>
</tag>
<suite>
<stat pass="1" fail="0" id="s1" name="Login">Login</stat>
</suite>
</statistics>
<errors>
</errors>
</robot>
