<?xml version="1.0" encoding="UTF-8"?>
<robot generator="Robot 3.2.1 (Python 3.8.5 on linux)" generated="20200729 23:33:40.720" rpa="false">
<suite id="s1" name="Produtos" source="/home/inmetrics/Projetos/roboweek/ninjachef/web/tests/produtos.robot">
<test id="s1-t1" name="Novo prato">
<kw name="Login Session" library="helpers" type="setup">
<arguments>
<arg>cleberol@gmail.com</arg>
</arguments>
<kw name="Open Session" library="base">
<kw name="Open Browser" library="SeleniumLibrary">
<doc>Opens a new browser instance to the optional ``url``.</doc>
<arguments>
<arg>about:blank</arg>
<arg>chrome</arg>
</arguments>
<msg timestamp="20200729 23:33:40.890" level="INFO">Opening browser 'chrome' to base url 'about:blank'.</msg>
<status status="PASS" starttime="20200729 23:33:40.889" endtime="20200729 23:33:42.553"></status>
</kw>
<status status="PASS" starttime="20200729 23:33:40.889" endtime="20200729 23:33:42.554"></status>
</kw>
<kw name="Go To" library="SeleniumLibrary">
<doc>Navigates the current browser window to the provided ``url``.</doc>
<arguments>
<arg>${base_url}</arg>
</arguments>
<msg timestamp="20200729 23:33:42.555" level="INFO">Opening url 'http://ninjachef-qaninja-io.umbler.net'</msg>
<status status="PASS" starttime="20200729 23:33:42.554" endtime="20200729 23:33:43.820"></status>
</kw>
<kw name="Input Text" library="SeleniumLibrary">
<doc>Types the given ``text`` into the text field identified by ``locator``.</doc>
<arguments>
<arg>${FIELD_EMAIL}</arg>
<arg>${email}</arg>
</arguments>
<msg timestamp="20200729 23:33:43.821" level="INFO">Typing text 'cleberol@gmail.com' into text field 'id:email'.</msg>
<status status="PASS" starttime="20200729 23:33:43.821" endtime="20200729 23:33:43.998"></status>
</kw>
<kw name="Click Element" library="SeleniumLibrary">
<doc>Click the element identified by ``locator``.</doc>
<arguments>
<arg>${BTN_ENTER}</arg>
</arguments>
<msg timestamp="20200729 23:33:43.999" level="INFO">Clicking element 'css:button[type=submit]'.</msg>
<status status="PASS" starttime="20200729 23:33:43.999" endtime="20200729 23:33:44.063"></status>
</kw>
<kw name="Wait Until Page Contains Element" library="SeleniumLibrary">
<doc>Waits until the element ``locator`` appears on the current page.</doc>
<arguments>
<arg>${DIV_DASH}</arg>
</arguments>
<status status="PASS" starttime="20200729 23:33:44.064" endtime="20200729 23:33:44.522"></status>
</kw>
<status status="PASS" starttime="20200729 23:33:40.889" endtime="20200729 23:33:44.522"></status>
</kw>
<kw name="Dado que &quot;${lasanha}&quot; é um novo prato a ser cadastrado" library="keywords">
<kw name="Set Test Variable" library="BuiltIn">
<doc>Makes a variable available everywhere within the scope of the current test.</doc>
<arguments>
<arg>${product}</arg>
</arguments>
<msg timestamp="20200729 23:33:44.524" level="INFO">${product} = {'img': 'lasanha.jpg', 'nome': 'Lasanha bolonhesa', 'tipo': 'Massas', 'preco': '25.00'}</msg>
<status status="PASS" starttime="20200729 23:33:44.523" endtime="20200729 23:33:44.524"></status>
</kw>
<status status="PASS" starttime="20200729 23:33:44.523" endtime="20200729 23:33:44.524"></status>
</kw>
<kw name="Quando realizo o cadastro desse prato" library="keywords">
<kw name="Wait Until Element Is Visible" library="SeleniumLibrary">
<doc>Waits until the element ``locator`` is visible.</doc>
<arguments>
<arg>${BTN_ADD}</arg>
<arg>5</arg>
</arguments>
<status status="PASS" starttime="20200729 23:33:44.525" endtime="20200729 23:33:44.768"></status>
</kw>
<kw name="Click Element" library="SeleniumLibrary">
<doc>Click the element identified by ``locator``.</doc>
<arguments>
<arg>${BTN_ADD}</arg>
</arguments>
<msg timestamp="20200729 23:33:44.768" level="INFO">Clicking element 'class:btn-add'.</msg>
<status status="PASS" starttime="20200729 23:33:44.768" endtime="20200729 23:33:44.843"></status>
</kw>
<kw name="Choose File" library="SeleniumLibrary">
<doc>Inputs the ``file_path`` into the file input field ``locator``.</doc>
<arguments>
<arg>${FIELD_PHOTO}</arg>
<arg>/home/inmetrics/Projetos/roboweek/ninjachef/web/resources/images/${product['img']}</arg>
</arguments>
<msg timestamp="20200729 23:33:44.844" level="INFO">Sending /home/inmetrics/Projetos/roboweek/ninjachef/web/resources/images/lasanha.jpg to browser.</msg>
<status status="PASS" starttime="20200729 23:33:44.843" endtime="20200729 23:33:44.900"></status>
</kw>
<kw name="Input Text" library="SeleniumLibrary">
<doc>Types the given ``text`` into the text field identified by ``locator``.</doc>
<arguments>
<arg>${FIELD_NAME}</arg>
<arg>${product['nome']}</arg>
</arguments>
<msg timestamp="20200729 23:33:44.900" level="INFO">Typing text 'Lasanha bolonhesa' into text field 'id:name'.</msg>
<status status="PASS" starttime="20200729 23:33:44.900" endtime="20200729 23:33:45.029"></status>
</kw>
<kw name="Input Text" library="SeleniumLibrary">
<doc>Types the given ``text`` into the text field identified by ``locator``.</doc>
<arguments>
<arg>${FIELD_TYPE}</arg>
<arg>${product['tipo']}</arg>
</arguments>
<msg timestamp="20200729 23:33:45.029" level="INFO">Typing text 'Massas' into text field 'id:plate'.</msg>
<status status="PASS" starttime="20200729 23:33:45.029" endtime="20200729 23:33:45.138"></status>
</kw>
<kw name="Input Text" library="SeleniumLibrary">
<doc>Types the given ``text`` into the text field identified by ``locator``.</doc>
<arguments>
<arg>${FIELD_PRICE}</arg>
<arg>${product['preco']}</arg>
</arguments>
<msg timestamp="20200729 23:33:45.138" level="INFO">Typing text '25.00' into text field 'id:price'.</msg>
<status status="PASS" starttime="20200729 23:33:45.138" endtime="20200729 23:33:45.246"></status>
</kw>
<kw name="Click Element" library="SeleniumLibrary">
<doc>Click the element identified by ``locator``.</doc>
<arguments>
<arg>${BTN_REGISTER}</arg>
</arguments>
<msg timestamp="20200729 23:33:45.247" level="INFO">Clicking element 'class:btn-cadastrar'.</msg>
<status status="PASS" starttime="20200729 23:33:45.246" endtime="20200729 23:33:45.303"></status>
</kw>
<status status="PASS" starttime="20200729 23:33:44.524" endtime="20200729 23:33:45.303"></status>
</kw>
<kw name="Então devo vizualizar o novo prato no dashboard" library="keywords">
<kw name="Wait Until Element Contains" library="SeleniumLibrary">
<doc>Waits until the element ``locator`` contains ``text``.</doc>
<arguments>
<arg>${DIV_LIST}</arg>
<arg>${product['nome']}</arg>
</arguments>
<status status="PASS" starttime="20200729 23:33:45.304" endtime="20200729 23:33:46.304"></status>
</kw>
<status status="PASS" starttime="20200729 23:33:45.303" endtime="20200729 23:33:46.305"></status>
</kw>
<kw name="Close Session" library="base" type="teardown">
<kw name="Capture Page Screenshot" library="SeleniumLibrary">
<doc>Takes a screenshot of the current page and embeds it into a log file.</doc>
<msg timestamp="20200729 23:33:46.528" level="INFO" html="yes">&lt;/td&gt;&lt;/tr&gt;&lt;tr&gt;&lt;td colspan="3"&gt;&lt;a href="selenium-screenshot-11.png"&gt;&lt;img src="selenium-screenshot-11.png" width="800px"&gt;&lt;/a&gt;</msg>
<status status="PASS" starttime="20200729 23:33:46.305" endtime="20200729 23:33:46.528"></status>
</kw>
<kw name="Close Browser" library="SeleniumLibrary">
<doc>Closes the current browser.</doc>
<status status="PASS" starttime="20200729 23:33:46.529" endtime="20200729 23:33:46.587"></status>
</kw>
<status status="PASS" starttime="20200729 23:33:46.305" endtime="20200729 23:33:46.588"></status>
</kw>
<status status="PASS" starttime="20200729 23:33:40.888" endtime="20200729 23:33:46.588" critical="yes"></status>
</test>
<test id="s1-t2" name="Cadastro com preço inválido">
<kw name="Login Session" library="helpers" type="setup">
<arguments>
<arg>cleberol@gmail.com</arg>
</arguments>
<kw name="Open Session" library="base">
<kw name="Open Browser" library="SeleniumLibrary">
<doc>Opens a new browser instance to the optional ``url``.</doc>
<arguments>
<arg>about:blank</arg>
<arg>chrome</arg>
</arguments>
<msg timestamp="20200729 23:33:46.593" level="INFO">Opening browser 'chrome' to base url 'about:blank'.</msg>
<status status="PASS" starttime="20200729 23:33:46.593" endtime="20200729 23:33:48.266"></status>
</kw>
<status status="PASS" starttime="20200729 23:33:46.592" endtime="20200729 23:33:48.266"></status>
</kw>
<kw name="Go To" library="SeleniumLibrary">
<doc>Navigates the current browser window to the provided ``url``.</doc>
<arguments>
<arg>${base_url}</arg>
</arguments>
<msg timestamp="20200729 23:33:48.267" level="INFO">Opening url 'http://ninjachef-qaninja-io.umbler.net'</msg>
<status status="PASS" starttime="20200729 23:33:48.266" endtime="20200729 23:33:49.454"></status>
</kw>
<kw name="Input Text" library="SeleniumLibrary">
<doc>Types the given ``text`` into the text field identified by ``locator``.</doc>
<arguments>
<arg>${FIELD_EMAIL}</arg>
<arg>${email}</arg>
</arguments>
<msg timestamp="20200729 23:33:49.454" level="INFO">Typing text 'cleberol@gmail.com' into text field 'id:email'.</msg>
<status status="PASS" starttime="20200729 23:33:49.454" endtime="20200729 23:33:49.613"></status>
</kw>
<kw name="Click Element" library="SeleniumLibrary">
<doc>Click the element identified by ``locator``.</doc>
<arguments>
<arg>${BTN_ENTER}</arg>
</arguments>
<msg timestamp="20200729 23:33:49.614" level="INFO">Clicking element 'css:button[type=submit]'.</msg>
<status status="PASS" starttime="20200729 23:33:49.613" endtime="20200729 23:33:49.677"></status>
</kw>
<kw name="Wait Until Page Contains Element" library="SeleniumLibrary">
<doc>Waits until the element ``locator`` appears on the current page.</doc>
<arguments>
<arg>${DIV_DASH}</arg>
</arguments>
<status status="PASS" starttime="20200729 23:33:49.678" endtime="20200729 23:33:50.132"></status>
</kw>
<status status="PASS" starttime="20200729 23:33:46.591" endtime="20200729 23:33:50.132"></status>
</kw>
<kw name="Dado que &quot;${strogonoff}&quot; é um novo prato a ser cadastrado" library="keywords">
<kw name="Set Test Variable" library="BuiltIn">
<doc>Makes a variable available everywhere within the scope of the current test.</doc>
<arguments>
<arg>${product}</arg>
</arguments>
<msg timestamp="20200729 23:33:50.134" level="INFO">${product} = {'img': 'strogonoff.jpg', 'nome': 'Strogonoff de frango', 'tipo': 'Frango', 'preco': '22,00'}</msg>
<status status="PASS" starttime="20200729 23:33:50.133" endtime="20200729 23:33:50.134"></status>
</kw>
<status status="PASS" starttime="20200729 23:33:50.133" endtime="20200729 23:33:50.134"></status>
</kw>
<kw name="Quando realizo o cadastro desse prato" library="keywords">
<kw name="Wait Until Element Is Visible" library="SeleniumLibrary">
<doc>Waits until the element ``locator`` is visible.</doc>
<arguments>
<arg>${BTN_ADD}</arg>
<arg>5</arg>
</arguments>
<status status="PASS" starttime="20200729 23:33:50.135" endtime="20200729 23:33:50.371"></status>
</kw>
<kw name="Click Element" library="SeleniumLibrary">
<doc>Click the element identified by ``locator``.</doc>
<arguments>
<arg>${BTN_ADD}</arg>
</arguments>
<msg timestamp="20200729 23:33:50.373" level="INFO">Clicking element 'class:btn-add'.</msg>
<status status="PASS" starttime="20200729 23:33:50.371" endtime="20200729 23:33:50.453"></status>
</kw>
<kw name="Choose File" library="SeleniumLibrary">
<doc>Inputs the ``file_path`` into the file input field ``locator``.</doc>
<arguments>
<arg>${FIELD_PHOTO}</arg>
<arg>/home/inmetrics/Projetos/roboweek/ninjachef/web/resources/images/${product['img']}</arg>
</arguments>
<msg timestamp="20200729 23:33:50.454" level="INFO">Sending /home/inmetrics/Projetos/roboweek/ninjachef/web/resources/images/strogonoff.jpg to browser.</msg>
<status status="PASS" starttime="20200729 23:33:50.453" endtime="20200729 23:33:50.515"></status>
</kw>
<kw name="Input Text" library="SeleniumLibrary">
<doc>Types the given ``text`` into the text field identified by ``locator``.</doc>
<arguments>
<arg>${FIELD_NAME}</arg>
<arg>${product['nome']}</arg>
</arguments>
<msg timestamp="20200729 23:33:50.516" level="INFO">Typing text 'Strogonoff de frango' into text field 'id:name'.</msg>
<status status="PASS" starttime="20200729 23:33:50.515" endtime="20200729 23:33:50.645"></status>
</kw>
<kw name="Input Text" library="SeleniumLibrary">
<doc>Types the given ``text`` into the text field identified by ``locator``.</doc>
<arguments>
<arg>${FIELD_TYPE}</arg>
<arg>${product['tipo']}</arg>
</arguments>
<msg timestamp="20200729 23:33:50.646" level="INFO">Typing text 'Frango' into text field 'id:plate'.</msg>
<status status="PASS" starttime="20200729 23:33:50.645" endtime="20200729 23:33:50.753"></status>
</kw>
<kw name="Input Text" library="SeleniumLibrary">
<doc>Types the given ``text`` into the text field identified by ``locator``.</doc>
<arguments>
<arg>${FIELD_PRICE}</arg>
<arg>${product['preco']}</arg>
</arguments>
<msg timestamp="20200729 23:33:50.753" level="INFO">Typing text '22,00' into text field 'id:price'.</msg>
<status status="PASS" starttime="20200729 23:33:50.753" endtime="20200729 23:33:50.861"></status>
</kw>
<kw name="Click Element" library="SeleniumLibrary">
<doc>Click the element identified by ``locator``.</doc>
<arguments>
<arg>${BTN_REGISTER}</arg>
</arguments>
<msg timestamp="20200729 23:33:50.862" level="INFO">Clicking element 'class:btn-cadastrar'.</msg>
<status status="PASS" starttime="20200729 23:33:50.861" endtime="20200729 23:33:50.920"></status>
</kw>
<status status="PASS" starttime="20200729 23:33:50.134" endtime="20200729 23:33:50.920"></status>
</kw>
<kw name="Então devo ver a seguinte mensagem &quot;Use ponto ao invés de virgulas :/&quot;" library="keywords">
<kw name="Wait Until Element Contains" library="SeleniumLibrary">
<doc>Waits until the element ``locator`` contains ``text``.</doc>
<arguments>
<arg>${DIV_ALERT}</arg>
<arg>${error_message}</arg>
</arguments>
<status status="PASS" starttime="20200729 23:33:50.921" endtime="20200729 23:33:50.951"></status>
</kw>
<status status="PASS" starttime="20200729 23:33:50.921" endtime="20200729 23:33:50.951"></status>
</kw>
<kw name="Close Session" library="base" type="teardown">
<kw name="Capture Page Screenshot" library="SeleniumLibrary">
<doc>Takes a screenshot of the current page and embeds it into a log file.</doc>
<msg timestamp="20200729 23:33:51.212" level="INFO" html="yes">&lt;/td&gt;&lt;/tr&gt;&lt;tr&gt;&lt;td colspan="3"&gt;&lt;a href="selenium-screenshot-12.png"&gt;&lt;img src="selenium-screenshot-12.png" width="800px"&gt;&lt;/a&gt;</msg>
<status status="PASS" starttime="20200729 23:33:50.952" endtime="20200729 23:33:51.212"></status>
</kw>
<kw name="Close Browser" library="SeleniumLibrary">
<doc>Closes the current browser.</doc>
<status status="PASS" starttime="20200729 23:33:51.212" endtime="20200729 23:33:51.270"></status>
</kw>
<status status="PASS" starttime="20200729 23:33:50.951" endtime="20200729 23:33:51.270"></status>
</kw>
<status status="PASS" starttime="20200729 23:33:46.589" endtime="20200729 23:33:51.271" critical="yes"></status>
</test>
<test id="s1-t3" name="Cadastro sem foto">
<kw name="Login Session" library="helpers" type="setup">
<arguments>
<arg>cleberol@gmail.com</arg>
</arguments>
<kw name="Open Session" library="base">
<kw name="Open Browser" library="SeleniumLibrary">
<doc>Opens a new browser instance to the optional ``url``.</doc>
<arguments>
<arg>about:blank</arg>
<arg>chrome</arg>
</arguments>
<msg timestamp="20200729 23:33:51.273" level="INFO">Opening browser 'chrome' to base url 'about:blank'.</msg>
<status status="PASS" starttime="20200729 23:33:51.273" endtime="20200729 23:33:52.905"></status>
</kw>
<status status="PASS" starttime="20200729 23:33:51.272" endtime="20200729 23:33:52.905"></status>
</kw>
<kw name="Go To" library="SeleniumLibrary">
<doc>Navigates the current browser window to the provided ``url``.</doc>
<arguments>
<arg>${base_url}</arg>
</arguments>
<msg timestamp="20200729 23:33:52.907" level="INFO">Opening url 'http://ninjachef-qaninja-io.umbler.net'</msg>
<status status="PASS" starttime="20200729 23:33:52.906" endtime="20200729 23:33:55.599"></status>
</kw>
<kw name="Input Text" library="SeleniumLibrary">
<doc>Types the given ``text`` into the text field identified by ``locator``.</doc>
<arguments>
<arg>${FIELD_EMAIL}</arg>
<arg>${email}</arg>
</arguments>
<msg timestamp="20200729 23:33:55.600" level="INFO">Typing text 'cleberol@gmail.com' into text field 'id:email'.</msg>
<status status="PASS" starttime="20200729 23:33:55.600" endtime="20200729 23:33:55.760"></status>
</kw>
<kw name="Click Element" library="SeleniumLibrary">
<doc>Click the element identified by ``locator``.</doc>
<arguments>
<arg>${BTN_ENTER}</arg>
</arguments>
<msg timestamp="20200729 23:33:55.761" level="INFO">Clicking element 'css:button[type=submit]'.</msg>
<status status="PASS" starttime="20200729 23:33:55.761" endtime="20200729 23:33:55.823"></status>
</kw>
<kw name="Wait Until Page Contains Element" library="SeleniumLibrary">
<doc>Waits until the element ``locator`` appears on the current page.</doc>
<arguments>
<arg>${DIV_DASH}</arg>
</arguments>
<status status="PASS" starttime="20200729 23:33:55.824" endtime="20200729 23:33:56.276"></status>
</kw>
<status status="PASS" starttime="20200729 23:33:51.272" endtime="20200729 23:33:56.277"></status>
</kw>
<kw name="Dado que &quot;${batatinha}&quot; é um novo prato a ser cadastrado" library="keywords">
<kw name="Set Test Variable" library="BuiltIn">
<doc>Makes a variable available everywhere within the scope of the current test.</doc>
<arguments>
<arg>${product}</arg>
</arguments>
<msg timestamp="20200729 23:33:56.279" level="INFO">${product} = {'nome': 'Batatinha sem foto', 'tipo': 'Batata', 'preco': '20,00'}</msg>
<status status="PASS" starttime="20200729 23:33:56.278" endtime="20200729 23:33:56.279"></status>
</kw>
<status status="PASS" starttime="20200729 23:33:56.277" endtime="20200729 23:33:56.279"></status>
</kw>
<kw name="Quando realizo o cadastro desse prato sem foto" library="keywords">
<kw name="Wait Until Element Is Visible" library="SeleniumLibrary">
<doc>Waits until the element ``locator`` is visible.</doc>
<arguments>
<arg>${BTN_ADD}</arg>
<arg>5</arg>
</arguments>
<status status="PASS" starttime="20200729 23:33:56.280" endtime="20200729 23:33:56.525"></status>
</kw>
<kw name="Click Element" library="SeleniumLibrary">
<doc>Click the element identified by ``locator``.</doc>
<arguments>
<arg>${BTN_ADD}</arg>
</arguments>
<msg timestamp="20200729 23:33:56.525" level="INFO">Clicking element 'class:btn-add'.</msg>
<status status="PASS" starttime="20200729 23:33:56.525" endtime="20200729 23:33:56.594"></status>
</kw>
<kw name="Input Text" library="SeleniumLibrary">
<doc>Types the given ``text`` into the text field identified by ``locator``.</doc>
<arguments>
<arg>${FIELD_NAME}</arg>
<arg>${product['nome']}</arg>
</arguments>
<msg timestamp="20200729 23:33:56.595" level="INFO">Typing text 'Batatinha sem foto' into text field 'id:name'.</msg>
<status status="PASS" starttime="20200729 23:33:56.594" endtime="20200729 23:33:56.730"></status>
</kw>
<kw name="Input Text" library="SeleniumLibrary">
<doc>Types the given ``text`` into the text field identified by ``locator``.</doc>
<arguments>
<arg>${FIELD_TYPE}</arg>
<arg>${product['tipo']}</arg>
</arguments>
<msg timestamp="20200729 23:33:56.731" level="INFO">Typing text 'Batata' into text field 'id:plate'.</msg>
<status status="PASS" starttime="20200729 23:33:56.730" endtime="20200729 23:33:56.846"></status>
</kw>
<kw name="Input Text" library="SeleniumLibrary">
<doc>Types the given ``text`` into the text field identified by ``locator``.</doc>
<arguments>
<arg>${FIELD_PRICE}</arg>
<arg>${product['preco']}</arg>
</arguments>
<msg timestamp="20200729 23:33:56.847" level="INFO">Typing text '20,00' into text field 'id:price'.</msg>
<status status="PASS" starttime="20200729 23:33:56.847" endtime="20200729 23:33:56.971"></status>
</kw>
<kw name="Click Element" library="SeleniumLibrary">
<doc>Click the element identified by ``locator``.</doc>
<arguments>
<arg>${BTN_REGISTER}</arg>
</arguments>
<msg timestamp="20200729 23:33:56.971" level="INFO">Clicking element 'class:btn-cadastrar'.</msg>
<status status="PASS" starttime="20200729 23:33:56.971" endtime="20200729 23:33:57.036"></status>
</kw>
<status status="PASS" starttime="20200729 23:33:56.279" endtime="20200729 23:33:57.036"></status>
</kw>
<kw name="Então devo ver a seguinte mensagem &quot;Seu prato precisa de uma foto muito bonita!&quot;" library="keywords">
<kw name="Wait Until Element Contains" library="SeleniumLibrary">
<doc>Waits until the element ``locator`` contains ``text``.</doc>
<arguments>
<arg>${DIV_ALERT}</arg>
<arg>${error_message}</arg>
</arguments>
<status status="PASS" starttime="20200729 23:33:57.037" endtime="20200729 23:33:57.064"></status>
</kw>
<status status="PASS" starttime="20200729 23:33:57.036" endtime="20200729 23:33:57.064"></status>
</kw>
<kw name="Close Session" library="base" type="teardown">
<kw name="Capture Page Screenshot" library="SeleniumLibrary">
<doc>Takes a screenshot of the current page and embeds it into a log file.</doc>
<msg timestamp="20200729 23:33:57.276" level="INFO" html="yes">&lt;/td&gt;&lt;/tr&gt;&lt;tr&gt;&lt;td colspan="3"&gt;&lt;a href="selenium-screenshot-13.png"&gt;&lt;img src="selenium-screenshot-13.png" width="800px"&gt;&lt;/a&gt;</msg>
<status status="PASS" starttime="20200729 23:33:57.065" endtime="20200729 23:33:57.276"></status>
</kw>
<kw name="Close Browser" library="SeleniumLibrary">
<doc>Closes the current browser.</doc>
<status status="PASS" starttime="20200729 23:33:57.276" endtime="20200729 23:33:57.333"></status>
</kw>
<status status="PASS" starttime="20200729 23:33:57.065" endtime="20200729 23:33:57.333"></status>
</kw>
<status status="PASS" starttime="20200729 23:33:51.271" endtime="20200729 23:33:57.333" critical="yes"></status>
</test>
<doc>Cadastro de produtos/pratos
Sendo um cozinheiro amador
Quero cadastrar meus melhores pratos
Para que eu possa cozinha-los para outras pessoas</doc>
<status status="PASS" starttime="20200729 23:33:40.722" endtime="20200729 23:33:57.335"></status>
</suite>
<statistics>
<total>
<stat pass="3" fail="0">Critical Tests</stat>
<stat pass="3" fail="0">All Tests</stat>
</total>
<tag>
</tag>
<suite>
<stat pass="3" fail="0" id="s1" name="Produtos">Produtos</stat>
</suite>
</statistics>
<errors>
</errors>
</robot>
